<html>
<head>
<title>TestNG:  Test</title>
<link href="../testng.css" rel="stylesheet" type="text/css" />
<link href="../my-testng.css" rel="stylesheet" type="text/css" />

<style type="text/css">
.log { display: none;} 
.stack-trace { display: none;} 
</style>
<script type="text/javascript">
<!--
function flip(e) {
  current = e.style.display;
  if (current == 'block') {
    e.style.display = 'none';
    return 0;
  }
  else {
    e.style.display = 'block';
    return 1;
  }
}

function toggleBox(szDivId, elem, msg1, msg2)
{
  var res = -1;  if (document.getElementById) {
    res = flip(document.getElementById(szDivId));
  }
  else if (document.all) {
    // this is the way old msie versions work
    res = flip(document.all[szDivId]);
  }
  if(elem) {
    if(res == 0) elem.innerHTML = msg1; else elem.innerHTML = msg2;
  }

}

function toggleAllBoxes() {
  if (document.getElementsByTagName) {
    d = document.getElementsByTagName('div');
    for (i = 0; i < d.length; i++) {
      if (d[i].className == 'log') {
        flip(d[i]);
      }
    }
  }
}

// -->
</script>

</head>
<body>
<h2 align='center'>Test</h2><table border='1' align="center">
<tr>
<td>Tests passed/Failed/Skipped:</td><td>16/4/0</td>
</tr><tr>
<td>Started on:</td><td>Sat Dec 16 22:00:11 MSK 2017</td>
</tr>
<tr><td>Total time:</td><td>0 seconds (333 ms)</td>
</tr><tr>
<td>Included groups:</td><td></td>
</tr><tr>
<td>Excluded groups:</td><td></td>
</tr>
</table><p/>
<small><i>(Hover the method name to see the test class name)</i></small><p/>
<table width='100%' border='1' class='invocation-failed'>
<tr><td colspan='4' align='center'><b>FAILED TESTS</b></td></tr>
<tr><td><b>Test method</b></td>
<td width="30%"><b>Exception</b></td>
<td width="10%"><b>Time (seconds)</b></td>
<td><b>Instance</b></td>
</tr>
<tr>
<td title='com.epam.moscow.module4.test.CalculatorTestDiv.testDivv()'><b>testDivv</b><br>Test class: com.epam.moscow.module4.test.CalculatorTestDiv</td>
<td><div><pre>java.lang.AssertionError: expected [2.6] but found [2.5]
	at com.epam.moscow.module4.test.CalculatorTestDiv.testDivv(CalculatorTestDiv.java:25)
... Removed 30 stack frames</pre></div><a href='#' onClick='toggleBox("stack-trace1585787493", this, "Click to show all stack frames", "Click to hide stack frames")'>Click to show all stack frames</a>
<div class='stack-trace' id='stack-trace1585787493'><pre>java.lang.AssertionError: expected [2.6] but found [2.5]
	at org.testng.Assert.fail(Assert.java:96)
	at org.testng.Assert.failNotEquals(Assert.java:776)
	at org.testng.Assert.assertEqualsImpl(Assert.java:137)
	at org.testng.Assert.assertEquals(Assert.java:118)
	at org.testng.Assert.assertEquals(Assert.java:442)
	at com.epam.moscow.module4.test.CalculatorTestDiv.testDivv(CalculatorTestDiv.java:25)
	at sun.reflect.NativeMethodAccessorImpl.invoke0(Native Method)
	at sun.reflect.NativeMethodAccessorImpl.invoke(NativeMethodAccessorImpl.java:62)
	at sun.reflect.DelegatingMethodAccessorImpl.invoke(DelegatingMethodAccessorImpl.java:43)
	at java.lang.reflect.Method.invoke(Method.java:498)
	at org.testng.internal.MethodInvocationHelper.invokeMethod(MethodInvocationHelper.java:124)
	at org.testng.internal.Invoker.invokeMethod(Invoker.java:571)
	at org.testng.internal.Invoker.invokeTestMethod(Invoker.java:707)
	at org.testng.internal.Invoker.invokeTestMethods(Invoker.java:979)
	at org.testng.internal.TestMethodWorker.invokeTestMethods(TestMethodWorker.java:125)
	at org.testng.internal.TestMethodWorker.run(TestMethodWorker.java:109)
	at org.testng.TestRunner.privateRun(TestRunner.java:648)
	at org.testng.TestRunner.run(TestRunner.java:505)
	at org.testng.SuiteRunner.runTest(SuiteRunner.java:455)
	at org.testng.SuiteRunner.runSequentially(SuiteRunner.java:450)
	at org.testng.SuiteRunner.privateRun(SuiteRunner.java:415)
	at org.testng.SuiteRunner.run(SuiteRunner.java:364)
	at org.testng.SuiteRunnerWorker.runSuite(SuiteRunnerWorker.java:52)
	at org.testng.SuiteRunnerWorker.run(SuiteRunnerWorker.java:84)
	at org.testng.TestNG.runSuitesSequentially(TestNG.java:1187)
	at org.testng.TestNG.runSuitesLocally(TestNG.java:1116)
	at org.testng.TestNG.runSuites(TestNG.java:1028)
	at org.testng.TestNG.run(TestNG.java:996)
	at org.testng.remote.AbstractRemoteTestNG.run(AbstractRemoteTestNG.java:114)
	at org.testng.remote.RemoteTestNG.initAndRun(RemoteTestNG.java:251)
	at org.testng.remote.RemoteTestNG.main(RemoteTestNG.java:77)
</pre></div></td>
<td>0</td>
<td>com.epam.moscow.module4.test.CalculatorTestDiv@482f8f11</td></tr>
<tr>
<td title='com.epam.moscow.module4.test.CalculatorTestMult.testMult()'><b>testMult</b><br>Test class: com.epam.moscow.module4.test.CalculatorTestMult<br>Parameters: -1, -3, -3</td>
<td><div><pre>java.lang.AssertionError: expected [-3] but found [3]
	at com.epam.moscow.module4.test.CalculatorTestMult.testMult(CalculatorTestMult.java:18)
... Removed 31 stack frames</pre></div><a href='#' onClick='toggleBox("stack-trace523691575", this, "Click to show all stack frames", "Click to hide stack frames")'>Click to show all stack frames</a>
<div class='stack-trace' id='stack-trace523691575'><pre>java.lang.AssertionError: expected [-3] but found [3]
	at org.testng.Assert.fail(Assert.java:96)
	at org.testng.Assert.failNotEquals(Assert.java:776)
	at org.testng.Assert.assertEqualsImpl(Assert.java:137)
	at org.testng.Assert.assertEquals(Assert.java:118)
	at org.testng.Assert.assertEquals(Assert.java:547)
	at org.testng.Assert.assertEquals(Assert.java:557)
	at com.epam.moscow.module4.test.CalculatorTestMult.testMult(CalculatorTestMult.java:18)
	at sun.reflect.NativeMethodAccessorImpl.invoke0(Native Method)
	at sun.reflect.NativeMethodAccessorImpl.invoke(NativeMethodAccessorImpl.java:62)
	at sun.reflect.DelegatingMethodAccessorImpl.invoke(DelegatingMethodAccessorImpl.java:43)
	at java.lang.reflect.Method.invoke(Method.java:498)
	at org.testng.internal.MethodInvocationHelper.invokeMethod(MethodInvocationHelper.java:124)
	at org.testng.internal.Invoker.invokeMethod(Invoker.java:571)
	at org.testng.internal.Invoker.invokeTestMethod(Invoker.java:707)
	at org.testng.internal.Invoker.invokeTestMethods(Invoker.java:979)
	at org.testng.internal.TestMethodWorker.invokeTestMethods(TestMethodWorker.java:125)
	at org.testng.internal.TestMethodWorker.run(TestMethodWorker.java:109)
	at org.testng.TestRunner.privateRun(TestRunner.java:648)
	at org.testng.TestRunner.run(TestRunner.java:505)
	at org.testng.SuiteRunner.runTest(SuiteRunner.java:455)
	at org.testng.SuiteRunner.runSequentially(SuiteRunner.java:450)
	at org.testng.SuiteRunner.privateRun(SuiteRunner.java:415)
	at org.testng.SuiteRunner.run(SuiteRunner.java:364)
	at org.testng.SuiteRunnerWorker.runSuite(SuiteRunnerWorker.java:52)
	at org.testng.SuiteRunnerWorker.run(SuiteRunnerWorker.java:84)
	at org.testng.TestNG.runSuitesSequentially(TestNG.java:1187)
	at org.testng.TestNG.runSuitesLocally(TestNG.java:1116)
	at org.testng.TestNG.runSuites(TestNG.java:1028)
	at org.testng.TestNG.run(TestNG.java:996)
	at org.testng.remote.AbstractRemoteTestNG.run(AbstractRemoteTestNG.java:114)
	at org.testng.remote.RemoteTestNG.initAndRun(RemoteTestNG.java:251)
	at org.testng.remote.RemoteTestNG.main(RemoteTestNG.java:77)
</pre></div></td>
<td>0</td>
<td>com.epam.moscow.module4.test.CalculatorTestMult@675d3402</td></tr>
<tr>
<td title='com.epam.moscow.module4.test.CalculatorTestSub.testSub()'><b>testSub</b><br>Test class: com.epam.moscow.module4.test.CalculatorTestSub<br>Parameters: -1, -3, -4</td>
<td><div><pre>java.lang.AssertionError: expected [-4] but found [2]
	at com.epam.moscow.module4.test.CalculatorTestSub.testSub(CalculatorTestSub.java:18)
... Removed 31 stack frames</pre></div><a href='#' onClick='toggleBox("stack-trace36333492", this, "Click to show all stack frames", "Click to hide stack frames")'>Click to show all stack frames</a>
<div class='stack-trace' id='stack-trace36333492'><pre>java.lang.AssertionError: expected [-4] but found [2]
	at org.testng.Assert.fail(Assert.java:96)
	at org.testng.Assert.failNotEquals(Assert.java:776)
	at org.testng.Assert.assertEqualsImpl(Assert.java:137)
	at org.testng.Assert.assertEquals(Assert.java:118)
	at org.testng.Assert.assertEquals(Assert.java:547)
	at org.testng.Assert.assertEquals(Assert.java:557)
	at com.epam.moscow.module4.test.CalculatorTestSub.testSub(CalculatorTestSub.java:18)
	at sun.reflect.NativeMethodAccessorImpl.invoke0(Native Method)
	at sun.reflect.NativeMethodAccessorImpl.invoke(NativeMethodAccessorImpl.java:62)
	at sun.reflect.DelegatingMethodAccessorImpl.invoke(DelegatingMethodAccessorImpl.java:43)
	at java.lang.reflect.Method.invoke(Method.java:498)
	at org.testng.internal.MethodInvocationHelper.invokeMethod(MethodInvocationHelper.java:124)
	at org.testng.internal.Invoker.invokeMethod(Invoker.java:571)
	at org.testng.internal.Invoker.invokeTestMethod(Invoker.java:707)
	at org.testng.internal.Invoker.invokeTestMethods(Invoker.java:979)
	at org.testng.internal.TestMethodWorker.invokeTestMethods(TestMethodWorker.java:125)
	at org.testng.internal.TestMethodWorker.run(TestMethodWorker.java:109)
	at org.testng.TestRunner.privateRun(TestRunner.java:648)
	at org.testng.TestRunner.run(TestRunner.java:505)
	at org.testng.SuiteRunner.runTest(SuiteRunner.java:455)
	at org.testng.SuiteRunner.runSequentially(SuiteRunner.java:450)
	at org.testng.SuiteRunner.privateRun(SuiteRunner.java:415)
	at org.testng.SuiteRunner.run(SuiteRunner.java:364)
	at org.testng.SuiteRunnerWorker.runSuite(SuiteRunnerWorker.java:52)
	at org.testng.SuiteRunnerWorker.run(SuiteRunnerWorker.java:84)
	at org.testng.TestNG.runSuitesSequentially(TestNG.java:1187)
	at org.testng.TestNG.runSuitesLocally(TestNG.java:1116)
	at org.testng.TestNG.runSuites(TestNG.java:1028)
	at org.testng.TestNG.run(TestNG.java:996)
	at org.testng.remote.AbstractRemoteTestNG.run(AbstractRemoteTestNG.java:114)
	at org.testng.remote.RemoteTestNG.initAndRun(RemoteTestNG.java:251)
	at org.testng.remote.RemoteTestNG.main(RemoteTestNG.java:77)
</pre></div></td>
<td>0</td>
<td>com.epam.moscow.module4.test.CalculatorTestSub@51565ec2</td></tr>
<tr>
<td title='com.epam.moscow.module4.test.CalculatorTestSum.testSumm()'><b>testSumm</b><br>Test class: com.epam.moscow.module4.test.CalculatorTestSum</td>
<td><div><pre>java.lang.AssertionError: expected [4] but found [3]
	at com.epam.moscow.module4.test.CalculatorTestSum.testSumm(CalculatorTestSum.java:30)
... Removed 31 stack frames</pre></div><a href='#' onClick='toggleBox("stack-trace1071097621", this, "Click to show all stack frames", "Click to hide stack frames")'>Click to show all stack frames</a>
<div class='stack-trace' id='stack-trace1071097621'><pre>java.lang.AssertionError: expected [4] but found [3]
	at org.testng.Assert.fail(Assert.java:96)
	at org.testng.Assert.failNotEquals(Assert.java:776)
	at org.testng.Assert.assertEqualsImpl(Assert.java:137)
	at org.testng.Assert.assertEquals(Assert.java:118)
	at org.testng.Assert.assertEquals(Assert.java:547)
	at org.testng.Assert.assertEquals(Assert.java:557)
	at com.epam.moscow.module4.test.CalculatorTestSum.testSumm(CalculatorTestSum.java:30)
	at sun.reflect.NativeMethodAccessorImpl.invoke0(Native Method)
	at sun.reflect.NativeMethodAccessorImpl.invoke(NativeMethodAccessorImpl.java:62)
	at sun.reflect.DelegatingMethodAccessorImpl.invoke(DelegatingMethodAccessorImpl.java:43)
	at java.lang.reflect.Method.invoke(Method.java:498)
	at org.testng.internal.MethodInvocationHelper.invokeMethod(MethodInvocationHelper.java:124)
	at org.testng.internal.Invoker.invokeMethod(Invoker.java:571)
	at org.testng.internal.Invoker.invokeTestMethod(Invoker.java:707)
	at org.testng.internal.Invoker.invokeTestMethods(Invoker.java:979)
	at org.testng.internal.TestMethodWorker.invokeTestMethods(TestMethodWorker.java:125)
	at org.testng.internal.TestMethodWorker.run(TestMethodWorker.java:109)
	at org.testng.TestRunner.privateRun(TestRunner.java:648)
	at org.testng.TestRunner.run(TestRunner.java:505)
	at org.testng.SuiteRunner.runTest(SuiteRunner.java:455)
	at org.testng.SuiteRunner.runSequentially(SuiteRunner.java:450)
	at org.testng.SuiteRunner.privateRun(SuiteRunner.java:415)
	at org.testng.SuiteRunner.run(SuiteRunner.java:364)
	at org.testng.SuiteRunnerWorker.runSuite(SuiteRunnerWorker.java:52)
	at org.testng.SuiteRunnerWorker.run(SuiteRunnerWorker.java:84)
	at org.testng.TestNG.runSuitesSequentially(TestNG.java:1187)
	at org.testng.TestNG.runSuitesLocally(TestNG.java:1116)
	at org.testng.TestNG.runSuites(TestNG.java:1028)
	at org.testng.TestNG.run(TestNG.java:996)
	at org.testng.remote.AbstractRemoteTestNG.run(AbstractRemoteTestNG.java:114)
	at org.testng.remote.RemoteTestNG.initAndRun(RemoteTestNG.java:251)
	at org.testng.remote.RemoteTestNG.main(RemoteTestNG.java:77)
</pre></div></td>
<td>0</td>
<td>com.epam.moscow.module4.test.CalculatorTestSum@1593948d</td></tr>
</table><p>
<table width='100%' border='1' class='invocation-passed'>
<tr><td colspan='4' align='center'><b>PASSED TESTS</b></td></tr>
<tr><td><b>Test method</b></td>
<td width="30%"><b>Exception</b></td>
<td width="10%"><b>Time (seconds)</b></td>
<td><b>Instance</b></td>
</tr>
<tr>
<td title='com.epam.moscow.module4.test.CalculatorTestDiv.testDiv()'><b>testDiv</b><br>Test class: com.epam.moscow.module4.test.CalculatorTestDiv<br>Parameters: 50, 2, 25</td>
<td></td>
<td>0</td>
<td>com.epam.moscow.module4.test.CalculatorTestDiv@482f8f11</td></tr>
<tr>
<td title='com.epam.moscow.module4.test.CalculatorTestDiv.testDiv()'><b>testDiv</b><br>Test class: com.epam.moscow.module4.test.CalculatorTestDiv<br>Parameters: 1000, 250, 4</td>
<td></td>
<td>0</td>
<td>com.epam.moscow.module4.test.CalculatorTestDiv@482f8f11</td></tr>
<tr>
<td title='com.epam.moscow.module4.test.CalculatorTestDiv.testDiv()'><b>testDiv</b><br>Test class: com.epam.moscow.module4.test.CalculatorTestDiv<br>Parameters: -40, 2, -20</td>
<td></td>
<td>0</td>
<td>com.epam.moscow.module4.test.CalculatorTestDiv@482f8f11</td></tr>
<tr>
<td title='com.epam.moscow.module4.test.CalculatorTestDiv.testDiv()'><b>testDiv</b><br>Test class: com.epam.moscow.module4.test.CalculatorTestDiv<br>Parameters: 0, 100, 0</td>
<td></td>
<td>0</td>
<td>com.epam.moscow.module4.test.CalculatorTestDiv@482f8f11</td></tr>
<tr>
<td title='com.epam.moscow.module4.test.CalculatorTestMult.testMult()'><b>testMult</b><br>Test class: com.epam.moscow.module4.test.CalculatorTestMult<br>Parameters: 50, 20, 1000</td>
<td></td>
<td>0</td>
<td>com.epam.moscow.module4.test.CalculatorTestMult@675d3402</td></tr>
<tr>
<td title='com.epam.moscow.module4.test.CalculatorTestMult.testMult()'><b>testMult</b><br>Test class: com.epam.moscow.module4.test.CalculatorTestMult<br>Parameters: 11, 2, 22</td>
<td></td>
<td>0</td>
<td>com.epam.moscow.module4.test.CalculatorTestMult@675d3402</td></tr>
<tr>
<td title='com.epam.moscow.module4.test.CalculatorTestMult.testMult()'><b>testMult</b><br>Test class: com.epam.moscow.module4.test.CalculatorTestMult<br>Parameters: 0, 0, 0</td>
<td></td>
<td>0</td>
<td>com.epam.moscow.module4.test.CalculatorTestMult@675d3402</td></tr>
<tr>
<td title='com.epam.moscow.module4.test.CalculatorTestMult.testMultt()'><b>testMultt</b><br>Test class: com.epam.moscow.module4.test.CalculatorTestMult</td>
<td></td>
<td>0</td>
<td>com.epam.moscow.module4.test.CalculatorTestMult@675d3402</td></tr>
<tr>
<td title='com.epam.moscow.module4.test.CalculatorTestSub.testSub()'><b>testSub</b><br>Test class: com.epam.moscow.module4.test.CalculatorTestSub<br>Parameters: 50, 20, 30</td>
<td></td>
<td>0</td>
<td>com.epam.moscow.module4.test.CalculatorTestSub@51565ec2</td></tr>
<tr>
<td title='com.epam.moscow.module4.test.CalculatorTestSub.testSub()'><b>testSub</b><br>Test class: com.epam.moscow.module4.test.CalculatorTestSub<br>Parameters: 11, 6, 5</td>
<td></td>
<td>0</td>
<td>com.epam.moscow.module4.test.CalculatorTestSub@51565ec2</td></tr>
<tr>
<td title='com.epam.moscow.module4.test.CalculatorTestSub.testSub()'><b>testSub</b><br>Test class: com.epam.moscow.module4.test.CalculatorTestSub<br>Parameters: 0, 0, 0</td>
<td></td>
<td>0</td>
<td>com.epam.moscow.module4.test.CalculatorTestSub@51565ec2</td></tr>
<tr>
<td title='com.epam.moscow.module4.test.CalculatorTestSub.testSubb()'><b>testSubb</b><br>Test class: com.epam.moscow.module4.test.CalculatorTestSub</td>
<td></td>
<td>0</td>
<td>com.epam.moscow.module4.test.CalculatorTestSub@51565ec2</td></tr>
<tr>
<td title='com.epam.moscow.module4.test.CalculatorTestSum.testSum()'><b>testSum</b><br>Test class: com.epam.moscow.module4.test.CalculatorTestSum<br>Parameters: 50, 20, 70</td>
<td></td>
<td>0</td>
<td>com.epam.moscow.module4.test.CalculatorTestSum@1593948d</td></tr>
<tr>
<td title='com.epam.moscow.module4.test.CalculatorTestSum.testSum()'><b>testSum</b><br>Test class: com.epam.moscow.module4.test.CalculatorTestSum<br>Parameters: 11, 6, 17</td>
<td></td>
<td>0</td>
<td>com.epam.moscow.module4.test.CalculatorTestSum@1593948d</td></tr>
<tr>
<td title='com.epam.moscow.module4.test.CalculatorTestSum.testSum()'><b>testSum</b><br>Test class: com.epam.moscow.module4.test.CalculatorTestSum<br>Parameters: 1, -10, -9</td>
<td></td>
<td>0</td>
<td>com.epam.moscow.module4.test.CalculatorTestSum@1593948d</td></tr>
<tr>
<td title='com.epam.moscow.module4.test.CalculatorTestSum.testSum()'><b>testSum</b><br>Test class: com.epam.moscow.module4.test.CalculatorTestSum<br>Parameters: 0, 0, 0</td>
<td></td>
<td>0</td>
<td>com.epam.moscow.module4.test.CalculatorTestSum@1593948d</td></tr>
</table><p>
</body>
</html>