<?xml version="1.0" encoding="UTF-8"?>
<!-- Generated by org.testng.reporters.JUnitReportReporter -->
<testsuite skipped="1" hostname="EPRUMOSL6042" name="com.epam.moscow.module4.test.TestGroups" tests="12" failures="0" timestamp="16 дек 2017 18:39:38 GMT" time="0.068" errors="1">
  <testcase name="div1" time="0.010" classname="com.epam.moscow.module4.test.TestGroups"/>
  <testcase name="oneValuePlusAnother" time="0.005" classname="com.epam.moscow.module4.test.TestGroups"/>
  <testcase name="div2" time="0.001" classname="com.epam.moscow.module4.test.TestGroups"/>
  <testcase name="oneValuePlusAnother" time="0.003" classname="com.epam.moscow.module4.test.TestGroups"/>
  <testcase name="oneValueMinusAnother" time="0.001" classname="com.epam.moscow.module4.test.TestGroups"/>
  <testcase name="oneValuePlusAnother" time="0.010" classname="com.epam.moscow.module4.test.TestGroups"/>
  <testcase name="oneValuePlusAnother" time="0.016" classname="com.epam.moscow.module4.test.TestGroups"/>
  <testcase name="sum1" time="0.000" classname="com.epam.moscow.module4.test.TestGroups">
    <skipped/>
  </testcase> <!-- sum1 -->
  <testcase name="oneValueMinusAnother" time="0.010" classname="com.epam.moscow.module4.test.TestGroups"/>
  <testcase name="oneValueMinusAnother" time="0.010" classname="com.epam.moscow.module4.test.TestGroups">
    <error type="java.lang.NumberFormatException" message="Attempt to divide by zero">
      <![CDATA[java.lang.NumberFormatException: Attempt to divide by zeroat com.epam.moscow.module4.calculator.Calculator.div(Calculator.java:19)at com.epam.moscow.module4.test.TestGroups.oneValueMinusAnother(TestGroups.java:28)at sun.reflect.NativeMethodAccessorImpl.invoke0(Native Method)at sun.reflect.NativeMethodAccessorImpl.invoke(NativeMethodAccessorImpl.java:62)at sun.reflect.DelegatingMethodAccessorImpl.invoke(DelegatingMethodAccessorImpl.java:43)at java.lang.reflect.Method.invoke(Method.java:498)at org.testng.internal.MethodInvocationHelper.invokeMethod(MethodInvocationHelper.java:124)at org.testng.internal.Invoker.invokeMethod(Invoker.java:571)at org.testng.internal.Invoker.invokeTestMethod(Invoker.java:707)at org.testng.internal.Invoker.invokeTestMethods(Invoker.java:979)at org.testng.internal.TestMethodWorker.invokeTestMethods(TestMethodWorker.java:125)at org.testng.internal.TestMethodWorker.run(TestMethodWorker.java:109)at org.testng.TestRunner.privateRun(TestRunner.java:648)at org.testng.TestRunner.run(TestRunner.java:505)at org.testng.SuiteRunner.runTest(SuiteRunner.java:455)at org.testng.SuiteRunner.runSequentially(SuiteRunner.java:450)at org.testng.SuiteRunner.privateRun(SuiteRunner.java:415)at org.testng.SuiteRunner.run(SuiteRunner.java:364)at org.testng.SuiteRunnerWorker.runSuite(SuiteRunnerWorker.java:52)at org.testng.SuiteRunnerWorker.run(SuiteRunnerWorker.java:84)at org.testng.TestNG.runSuitesSequentially(TestNG.java:1187)at org.testng.TestNG.runSuitesLocally(TestNG.java:1116)at org.testng.TestNG.runSuites(TestNG.java:1028)at org.testng.TestNG.run(TestNG.java:996)at org.testng.remote.AbstractRemoteTestNG.run(AbstractRemoteTestNG.java:114)at org.testng.remote.RemoteTestNG.initAndRun(RemoteTestNG.java:251)at org.testng.remote.RemoteTestNG.main(RemoteTestNG.java:77)]]>
    </error>
  </testcase> <!-- oneValueMinusAnother -->
  <testcase name="oneValueMinusAnother" time="0.000" classname="com.epam.moscow.module4.test.TestGroups"/>
  <testcase name="oneValuePlusAnother" time="0.002" classname="com.epam.moscow.module4.test.TestGroups"/>
</testsuite> <!-- com.epam.moscow.module4.test.TestGroups -->
